{"D:\\Vidly\\server\\index.js": {"path":"D:\\Vidly\\server\\index.js","statementMap":{"0":{"start":{"line":1,"column":0},"end":{"line":1,"column":27}},"1":{"start":{"line":2,"column":16},"end":{"line":2,"column":34}},"2":{"start":{"line":3,"column":12},"end":{"line":3,"column":21}},"3":{"start":{"line":5,"column":0},"end":{"line":5,"column":31}},"4":{"start":{"line":6,"column":0},"end":{"line":6,"column":33}},"5":{"start":{"line":7,"column":0},"end":{"line":7,"column":25}},"6":{"start":{"line":8,"column":0},"end":{"line":8,"column":31}},"7":{"start":{"line":10,"column":13},"end":{"line":10,"column":37}},"8":{"start":{"line":11,"column":15},"end":{"line":13,"column":2}},"9":{"start":{"line":12,"column":4},"end":{"line":12,"column":54}},"10":{"start":{"line":15,"column":0},"end":{"line":15,"column":23}}},"fnMap":{"0":{"name":"(anonymous_0)","decl":{"start":{"line":11,"column":32},"end":{"line":11,"column":33}},"loc":{"start":{"line":11,"column":38},"end":{"line":13,"column":1}},"line":11}},"branchMap":{"0":{"loc":{"start":{"line":10,"column":13},"end":{"line":10,"column":37}},"type":"binary-expr","locations":[{"start":{"line":10,"column":13},"end":{"line":10,"column":29}},{"start":{"line":10,"column":33},"end":{"line":10,"column":37}}],"line":10}},"s":{"0":2,"1":2,"2":2,"3":2,"4":2,"5":2,"6":2,"7":2,"8":2,"9":2,"10":2},"f":{"0":2},"b":{"0":[2,0]},"_coverageSchema":"1a1c01bbd47fc00a2c39e90264f33305004495a9","hash":"2f4da64c5d4fcbeb39a4832a40ce942d5e3461b6"}
,"D:\\Vidly\\server\\Middleware\\admin.js": {"path":"D:\\Vidly\\server\\Middleware\\admin.js","statementMap":{"0":{"start":{"line":3,"column":4},"end":{"line":3,"column":71}},"1":{"start":{"line":3,"column":27},"end":{"line":3,"column":71}},"2":{"start":{"line":5,"column":4},"end":{"line":5,"column":10}},"3":{"start":{"line":8,"column":0},"end":{"line":8,"column":26}}},"fnMap":{"0":{"name":"admin","decl":{"start":{"line":2,"column":9},"end":{"line":2,"column":14}},"loc":{"start":{"line":2,"column":31},"end":{"line":6,"column":1}},"line":2}},"branchMap":{"0":{"loc":{"start":{"line":3,"column":4},"end":{"line":3,"column":71}},"type":"if","locations":[{"start":{"line":3,"column":4},"end":{"line":3,"column":71}},{"start":{},"end":{}}],"line":3}},"s":{"0":0,"1":0,"2":0,"3":2},"f":{"0":0},"b":{"0":[0,0]},"_coverageSchema":"1a1c01bbd47fc00a2c39e90264f33305004495a9","hash":"120cdf0c085ef8298f4cf604e69ec669c6752013"}
,"D:\\Vidly\\server\\Middleware\\auth.js": {"path":"D:\\Vidly\\server\\Middleware\\auth.js","statementMap":{"0":{"start":{"line":1,"column":12},"end":{"line":1,"column":35}},"1":{"start":{"line":4,"column":18},"end":{"line":4,"column":44}},"2":{"start":{"line":5,"column":4},"end":{"line":5,"column":80}},"3":{"start":{"line":5,"column":16},"end":{"line":5,"column":80}},"4":{"start":{"line":7,"column":4},"end":{"line":13,"column":5}},"5":{"start":{"line":8,"column":24},"end":{"line":8,"column":70}},"6":{"start":{"line":9,"column":8},"end":{"line":9,"column":27}},"7":{"start":{"line":10,"column":8},"end":{"line":10,"column":14}},"8":{"start":{"line":12,"column":8},"end":{"line":12,"column":45}},"9":{"start":{"line":16,"column":0},"end":{"line":16,"column":26}}},"fnMap":{"0":{"name":"auth","decl":{"start":{"line":3,"column":9},"end":{"line":3,"column":13}},"loc":{"start":{"line":3,"column":30},"end":{"line":14,"column":1}},"line":3}},"branchMap":{"0":{"loc":{"start":{"line":5,"column":4},"end":{"line":5,"column":80}},"type":"if","locations":[{"start":{"line":5,"column":4},"end":{"line":5,"column":80}},{"start":{},"end":{}}],"line":5}},"s":{"0":2,"1":8,"2":8,"3":2,"4":6,"5":6,"6":5,"7":5,"8":1,"9":2},"f":{"0":8},"b":{"0":[2,6]},"_coverageSchema":"1a1c01bbd47fc00a2c39e90264f33305004495a9","hash":"c93c7f1f9027bbfb1004339d3b4d337a4a82a46e"}
,"D:\\Vidly\\server\\Middleware\\error.js": {"path":"D:\\Vidly\\server\\Middleware\\error.js","statementMap":{"0":{"start":{"line":1,"column":16},"end":{"line":1,"column":34}},"1":{"start":{"line":2,"column":19},"end":{"line":2,"column":37}},"2":{"start":{"line":3,"column":16},"end":{"line":3,"column":42}},"3":{"start":{"line":4,"column":0},"end":{"line":4,"column":27}},"4":{"start":{"line":7,"column":15},"end":{"line":22,"column":2}},"5":{"start":{"line":26,"column":4},"end":{"line":31,"column":7}},"6":{"start":{"line":34,"column":4},"end":{"line":37,"column":7}},"7":{"start":{"line":39,"column":4},"end":{"line":39,"column":14}},"8":{"start":{"line":42,"column":0},"end":{"line":42,"column":27}}},"fnMap":{"0":{"name":"error","decl":{"start":{"line":24,"column":9},"end":{"line":24,"column":14}},"loc":{"start":{"line":24,"column":36},"end":{"line":40,"column":1}},"line":24}},"branchMap":{},"s":{"0":2,"1":2,"2":2,"3":2,"4":2,"5":0,"6":0,"7":0,"8":2},"f":{"0":0},"b":{},"_coverageSchema":"1a1c01bbd47fc00a2c39e90264f33305004495a9","hash":"bd3cf51dd3651b18e68adc3192dc997ac8847377"}
,"D:\\Vidly\\server\\Middleware\\validateObjectIds.js": {"path":"D:\\Vidly\\server\\Middleware\\validateObjectIds.js","statementMap":{"0":{"start":{"line":1,"column":17},"end":{"line":1,"column":36}},"1":{"start":{"line":2,"column":0},"end":{"line":5,"column":1}},"2":{"start":{"line":3,"column":4},"end":{"line":3,"column":99}},"3":{"start":{"line":3,"column":57},"end":{"line":3,"column":99}},"4":{"start":{"line":4,"column":4},"end":{"line":4,"column":10}}},"fnMap":{"0":{"name":"(anonymous_0)","decl":{"start":{"line":2,"column":17},"end":{"line":2,"column":18}},"loc":{"start":{"line":2,"column":43},"end":{"line":5,"column":1}},"line":2}},"branchMap":{"0":{"loc":{"start":{"line":3,"column":4},"end":{"line":3,"column":99}},"type":"if","locations":[{"start":{"line":3,"column":4},"end":{"line":3,"column":99}},{"start":{},"end":{}}],"line":3}},"s":{"0":2,"1":2,"2":2,"3":1,"4":1},"f":{"0":2},"b":{"0":[1,1]},"_coverageSchema":"1a1c01bbd47fc00a2c39e90264f33305004495a9","hash":"c2d0d3b925e5db12c6bb1a828737e3644e4d148e"}
,"D:\\Vidly\\server\\Models\\customer.js": {"path":"D:\\Vidly\\server\\Models\\customer.js","statementMap":{"0":{"start":{"line":1,"column":17},"end":{"line":1,"column":36}},"1":{"start":{"line":2,"column":12},"end":{"line":2,"column":26}},"2":{"start":{"line":4,"column":23},"end":{"line":21,"column":2}},"3":{"start":{"line":23,"column":17},"end":{"line":23,"column":59}},"4":{"start":{"line":27,"column":19},"end":{"line":31,"column":5}},"5":{"start":{"line":32,"column":4},"end":{"line":32,"column":41}},"6":{"start":{"line":35,"column":0},"end":{"line":35,"column":45}}},"fnMap":{"0":{"name":"validateCustomer","decl":{"start":{"line":26,"column":9},"end":{"line":26,"column":25}},"loc":{"start":{"line":26,"column":36},"end":{"line":33,"column":1}},"line":26}},"branchMap":{},"s":{"0":2,"1":2,"2":2,"3":2,"4":0,"5":0,"6":2},"f":{"0":0},"b":{},"_coverageSchema":"1a1c01bbd47fc00a2c39e90264f33305004495a9","hash":"66969682fdeb6cdc0879e48795b85dcd9497f076"}
,"D:\\Vidly\\server\\Models\\genre.js": {"path":"D:\\Vidly\\server\\Models\\genre.js","statementMap":{"0":{"start":{"line":1,"column":12},"end":{"line":1,"column":26}},"1":{"start":{"line":2,"column":17},"end":{"line":2,"column":36}},"2":{"start":{"line":4,"column":20},"end":{"line":11,"column":2}},"3":{"start":{"line":12,"column":14},"end":{"line":12,"column":50}},"4":{"start":{"line":17,"column":19},"end":{"line":19,"column":5}},"5":{"start":{"line":20,"column":4},"end":{"line":20,"column":39}},"6":{"start":{"line":23,"column":0},"end":{"line":23,"column":56}}},"fnMap":{"0":{"name":"validateGenre","decl":{"start":{"line":16,"column":9},"end":{"line":16,"column":22}},"loc":{"start":{"line":16,"column":30},"end":{"line":21,"column":1}},"line":16}},"branchMap":{},"s":{"0":2,"1":2,"2":2,"3":2,"4":5,"5":5,"6":2},"f":{"0":5},"b":{},"_coverageSchema":"1a1c01bbd47fc00a2c39e90264f33305004495a9","hash":"813efc6d6b6202954036fd68f8fc8a3ad11f3a39"}
,"D:\\Vidly\\server\\Models\\movie.js": {"path":"D:\\Vidly\\server\\Models\\movie.js","statementMap":{"0":{"start":{"line":1,"column":17},"end":{"line":1,"column":36}},"1":{"start":{"line":2,"column":12},"end":{"line":2,"column":26}},"2":{"start":{"line":3,"column":24},"end":{"line":3,"column":42}},"3":{"start":{"line":5,"column":14},"end":{"line":30,"column":3}},"4":{"start":{"line":33,"column":19},"end":{"line":38,"column":5}},"5":{"start":{"line":40,"column":4},"end":{"line":40,"column":39}},"6":{"start":{"line":43,"column":0},"end":{"line":43,"column":41}}},"fnMap":{"0":{"name":"validateMovie","decl":{"start":{"line":32,"column":9},"end":{"line":32,"column":22}},"loc":{"start":{"line":32,"column":30},"end":{"line":41,"column":1}},"line":32}},"branchMap":{},"s":{"0":2,"1":2,"2":2,"3":2,"4":0,"5":0,"6":2},"f":{"0":0},"b":{},"_coverageSchema":"1a1c01bbd47fc00a2c39e90264f33305004495a9","hash":"101e444afef0fa52f7d8beb26d6304806d2e0af2"}
,"D:\\Vidly\\server\\Models\\rental.js": {"path":"D:\\Vidly\\server\\Models\\rental.js","statementMap":{"0":{"start":{"line":1,"column":17},"end":{"line":1,"column":36}},"1":{"start":{"line":2,"column":12},"end":{"line":2,"column":26}},"2":{"start":{"line":4,"column":21},"end":{"line":56,"column":2}},"3":{"start":{"line":58,"column":15},"end":{"line":58,"column":53}},"4":{"start":{"line":61,"column":19},"end":{"line":64,"column":5}},"5":{"start":{"line":65,"column":4},"end":{"line":65,"column":40}},"6":{"start":{"line":69,"column":0},"end":{"line":69,"column":58}}},"fnMap":{"0":{"name":"validateRental","decl":{"start":{"line":60,"column":9},"end":{"line":60,"column":23}},"loc":{"start":{"line":60,"column":32},"end":{"line":67,"column":1}},"line":60}},"branchMap":{},"s":{"0":2,"1":2,"2":2,"3":2,"4":0,"5":0,"6":2},"f":{"0":0},"b":{},"_coverageSchema":"1a1c01bbd47fc00a2c39e90264f33305004495a9","hash":"8e48d00b89120fc52d8b6fe88f5d4162064e3579"}
,"D:\\Vidly\\server\\Models\\user.js": {"path":"D:\\Vidly\\server\\Models\\user.js","statementMap":{"0":{"start":{"line":1,"column":17},"end":{"line":1,"column":36}},"1":{"start":{"line":2,"column":12},"end":{"line":2,"column":26}},"2":{"start":{"line":3,"column":12},"end":{"line":3,"column":35}},"3":{"start":{"line":4,"column":19},"end":{"line":28,"column":2}},"4":{"start":{"line":30,"column":0},"end":{"line":33,"column":1}},"5":{"start":{"line":31,"column":18},"end":{"line":31,"column":97}},"6":{"start":{"line":32,"column":4},"end":{"line":32,"column":17}},"7":{"start":{"line":35,"column":13},"end":{"line":35,"column":47}},"8":{"start":{"line":38,"column":19},"end":{"line":42,"column":5}},"9":{"start":{"line":43,"column":4},"end":{"line":43,"column":37}},"10":{"start":{"line":46,"column":0},"end":{"line":46,"column":40}}},"fnMap":{"0":{"name":"(anonymous_0)","decl":{"start":{"line":30,"column":39},"end":{"line":30,"column":40}},"loc":{"start":{"line":30,"column":51},"end":{"line":33,"column":1}},"line":30},"1":{"name":"validateUser","decl":{"start":{"line":37,"column":9},"end":{"line":37,"column":21}},"loc":{"start":{"line":37,"column":28},"end":{"line":44,"column":1}},"line":37}},"branchMap":{},"s":{"0":3,"1":3,"2":3,"3":3,"4":3,"5":9,"6":9,"7":3,"8":0,"9":0,"10":3},"f":{"0":9,"1":0},"b":{},"_coverageSchema":"1a1c01bbd47fc00a2c39e90264f33305004495a9","hash":"51c30fde46f0f4aab896f489209c40f71d2fd991"}
,"D:\\Vidly\\server\\Routes\\auth.js": {"path":"D:\\Vidly\\server\\Routes\\auth.js","statementMap":{"0":{"start":{"line":1,"column":16},"end":{"line":1,"column":34}},"1":{"start":{"line":2,"column":15},"end":{"line":2,"column":31}},"2":{"start":{"line":3,"column":12},"end":{"line":3,"column":26}},"3":{"start":{"line":4,"column":15},"end":{"line":4,"column":32}},"4":{"start":{"line":5,"column":12},"end":{"line":5,"column":35}},"5":{"start":{"line":6,"column":17},"end":{"line":6,"column":42}},"6":{"start":{"line":8,"column":0},"end":{"line":24,"column":2}},"7":{"start":{"line":9,"column":22},"end":{"line":9,"column":44}},"8":{"start":{"line":10,"column":4},"end":{"line":10,"column":69}},"9":{"start":{"line":10,"column":15},"end":{"line":10,"column":69}},"10":{"start":{"line":12,"column":15},"end":{"line":12,"column":60}},"11":{"start":{"line":13,"column":4},"end":{"line":13,"column":72}},"12":{"start":{"line":13,"column":15},"end":{"line":13,"column":72}},"13":{"start":{"line":15,"column":26},"end":{"line":15,"column":80}},"14":{"start":{"line":16,"column":4},"end":{"line":16,"column":81}},"15":{"start":{"line":16,"column":24},"end":{"line":16,"column":81}},"16":{"start":{"line":18,"column":18},"end":{"line":18,"column":42}},"17":{"start":{"line":20,"column":4},"end":{"line":20,"column":31}},"18":{"start":{"line":27,"column":19},"end":{"line":30,"column":5}},"19":{"start":{"line":31,"column":4},"end":{"line":31,"column":38}},"20":{"start":{"line":33,"column":0},"end":{"line":33,"column":24}}},"fnMap":{"0":{"name":"(anonymous_0)","decl":{"start":{"line":8,"column":17},"end":{"line":8,"column":18}},"loc":{"start":{"line":8,"column":37},"end":{"line":24,"column":1}},"line":8},"1":{"name":"validateUser","decl":{"start":{"line":26,"column":9},"end":{"line":26,"column":21}},"loc":{"start":{"line":26,"column":28},"end":{"line":32,"column":1}},"line":26}},"branchMap":{"0":{"loc":{"start":{"line":10,"column":4},"end":{"line":10,"column":69}},"type":"if","locations":[{"start":{"line":10,"column":4},"end":{"line":10,"column":69}},{"start":{},"end":{}}],"line":10},"1":{"loc":{"start":{"line":13,"column":4},"end":{"line":13,"column":72}},"type":"if","locations":[{"start":{"line":13,"column":4},"end":{"line":13,"column":72}},{"start":{},"end":{}}],"line":13},"2":{"loc":{"start":{"line":16,"column":4},"end":{"line":16,"column":81}},"type":"if","locations":[{"start":{"line":16,"column":4},"end":{"line":16,"column":81}},{"start":{},"end":{}}],"line":16}},"s":{"0":2,"1":2,"2":2,"3":2,"4":2,"5":2,"6":2,"7":0,"8":0,"9":0,"10":0,"11":0,"12":0,"13":0,"14":0,"15":0,"16":0,"17":0,"18":0,"19":0,"20":2},"f":{"0":0,"1":0},"b":{"0":[0,0],"1":[0,0],"2":[0,0]},"_coverageSchema":"1a1c01bbd47fc00a2c39e90264f33305004495a9","hash":"3dc500cc0b545ec603608211069f2531e924de77"}
,"D:\\Vidly\\server\\Routes\\customer.js": {"path":"D:\\Vidly\\server\\Routes\\customer.js","statementMap":{"0":{"start":{"line":1,"column":16},"end":{"line":1,"column":34}},"1":{"start":{"line":2,"column":15},"end":{"line":2,"column":31}},"2":{"start":{"line":3,"column":39},"end":{"line":3,"column":68}},"3":{"start":{"line":4,"column":17},"end":{"line":4,"column":46}},"4":{"start":{"line":6,"column":0},"end":{"line":10,"column":2}},"5":{"start":{"line":8,"column":21},"end":{"line":8,"column":42}},"6":{"start":{"line":9,"column":4},"end":{"line":9,"column":35}},"7":{"start":{"line":13,"column":0},"end":{"line":19,"column":2}},"8":{"start":{"line":14,"column":21},"end":{"line":14,"column":59}},"9":{"start":{"line":16,"column":4},"end":{"line":16,"column":87}},"10":{"start":{"line":16,"column":19},"end":{"line":16,"column":87}},"11":{"start":{"line":18,"column":4},"end":{"line":18,"column":35}},"12":{"start":{"line":22,"column":0},"end":{"line":34,"column":2}},"13":{"start":{"line":23,"column":22},"end":{"line":23,"column":48}},"14":{"start":{"line":24,"column":4},"end":{"line":24,"column":68}},"15":{"start":{"line":24,"column":15},"end":{"line":24,"column":68}},"16":{"start":{"line":26,"column":19},"end":{"line":30,"column":6}},"17":{"start":{"line":31,"column":4},"end":{"line":31,"column":37}},"18":{"start":{"line":32,"column":4},"end":{"line":32,"column":35}},"19":{"start":{"line":37,"column":0},"end":{"line":45,"column":2}},"20":{"start":{"line":38,"column":22},"end":{"line":38,"column":48}},"21":{"start":{"line":39,"column":4},"end":{"line":39,"column":68}},"22":{"start":{"line":39,"column":15},"end":{"line":39,"column":68}},"23":{"start":{"line":41,"column":21},"end":{"line":41,"column":156}},"24":{"start":{"line":42,"column":4},"end":{"line":42,"column":92}},"25":{"start":{"line":42,"column":19},"end":{"line":42,"column":92}},"26":{"start":{"line":44,"column":4},"end":{"line":44,"column":35}},"27":{"start":{"line":48,"column":0},"end":{"line":54,"column":2}},"28":{"start":{"line":50,"column":21},"end":{"line":50,"column":68}},"29":{"start":{"line":51,"column":4},"end":{"line":51,"column":92}},"30":{"start":{"line":51,"column":19},"end":{"line":51,"column":92}},"31":{"start":{"line":53,"column":4},"end":{"line":53,"column":35}},"32":{"start":{"line":56,"column":0},"end":{"line":56,"column":24}}},"fnMap":{"0":{"name":"(anonymous_0)","decl":{"start":{"line":6,"column":16},"end":{"line":6,"column":17}},"loc":{"start":{"line":6,"column":36},"end":{"line":10,"column":1}},"line":6},"1":{"name":"(anonymous_1)","decl":{"start":{"line":13,"column":19},"end":{"line":13,"column":20}},"loc":{"start":{"line":13,"column":39},"end":{"line":19,"column":1}},"line":13},"2":{"name":"(anonymous_2)","decl":{"start":{"line":22,"column":23},"end":{"line":22,"column":24}},"loc":{"start":{"line":22,"column":43},"end":{"line":34,"column":1}},"line":22},"3":{"name":"(anonymous_3)","decl":{"start":{"line":37,"column":25},"end":{"line":37,"column":26}},"loc":{"start":{"line":37,"column":45},"end":{"line":45,"column":1}},"line":37},"4":{"name":"(anonymous_4)","decl":{"start":{"line":48,"column":28},"end":{"line":48,"column":29}},"loc":{"start":{"line":48,"column":48},"end":{"line":54,"column":1}},"line":48}},"branchMap":{"0":{"loc":{"start":{"line":16,"column":4},"end":{"line":16,"column":87}},"type":"if","locations":[{"start":{"line":16,"column":4},"end":{"line":16,"column":87}},{"start":{},"end":{}}],"line":16},"1":{"loc":{"start":{"line":24,"column":4},"end":{"line":24,"column":68}},"type":"if","locations":[{"start":{"line":24,"column":4},"end":{"line":24,"column":68}},{"start":{},"end":{}}],"line":24},"2":{"loc":{"start":{"line":39,"column":4},"end":{"line":39,"column":68}},"type":"if","locations":[{"start":{"line":39,"column":4},"end":{"line":39,"column":68}},{"start":{},"end":{}}],"line":39},"3":{"loc":{"start":{"line":42,"column":4},"end":{"line":42,"column":92}},"type":"if","locations":[{"start":{"line":42,"column":4},"end":{"line":42,"column":92}},{"start":{},"end":{}}],"line":42},"4":{"loc":{"start":{"line":51,"column":4},"end":{"line":51,"column":92}},"type":"if","locations":[{"start":{"line":51,"column":4},"end":{"line":51,"column":92}},{"start":{},"end":{}}],"line":51}},"s":{"0":2,"1":2,"2":2,"3":2,"4":2,"5":0,"6":0,"7":2,"8":0,"9":0,"10":0,"11":0,"12":2,"13":0,"14":0,"15":0,"16":0,"17":0,"18":0,"19":2,"20":0,"21":0,"22":0,"23":0,"24":0,"25":0,"26":0,"27":2,"28":0,"29":0,"30":0,"31":0,"32":2},"f":{"0":0,"1":0,"2":0,"3":0,"4":0},"b":{"0":[0,0],"1":[0,0],"2":[0,0],"3":[0,0],"4":[0,0]},"_coverageSchema":"1a1c01bbd47fc00a2c39e90264f33305004495a9","hash":"38cea13dfd98659708dd3bb02ac3d5cc66efff78"}
,"D:\\Vidly\\server\\Routes\\genre.js": {"path":"D:\\Vidly\\server\\Routes\\genre.js","statementMap":{"0":{"start":{"line":1,"column":16},"end":{"line":1,"column":34}},"1":{"start":{"line":2,"column":15},"end":{"line":2,"column":31}},"2":{"start":{"line":3,"column":33},"end":{"line":3,"column":59}},"3":{"start":{"line":4,"column":17},"end":{"line":4,"column":46}},"4":{"start":{"line":5,"column":18},"end":{"line":5,"column":48}},"5":{"start":{"line":6,"column":26},"end":{"line":6,"column":68}},"6":{"start":{"line":9,"column":0},"end":{"line":14,"column":2}},"7":{"start":{"line":12,"column":19},"end":{"line":12,"column":50}},"8":{"start":{"line":13,"column":4},"end":{"line":13,"column":33}},"9":{"start":{"line":17,"column":0},"end":{"line":23,"column":2}},"10":{"start":{"line":18,"column":18},"end":{"line":18,"column":53}},"11":{"start":{"line":20,"column":4},"end":{"line":20,"column":89}},"12":{"start":{"line":20,"column":16},"end":{"line":20,"column":89}},"13":{"start":{"line":22,"column":4},"end":{"line":22,"column":32}},"14":{"start":{"line":26,"column":0},"end":{"line":35,"column":2}},"15":{"start":{"line":28,"column":22},"end":{"line":28,"column":45}},"16":{"start":{"line":29,"column":4},"end":{"line":29,"column":68}},"17":{"start":{"line":29,"column":15},"end":{"line":29,"column":68}},"18":{"start":{"line":31,"column":16},"end":{"line":31,"column":50}},"19":{"start":{"line":32,"column":4},"end":{"line":32,"column":30}},"20":{"start":{"line":34,"column":4},"end":{"line":34,"column":32}},"21":{"start":{"line":38,"column":0},"end":{"line":51,"column":2}},"22":{"start":{"line":40,"column":22},"end":{"line":40,"column":45}},"23":{"start":{"line":41,"column":4},"end":{"line":43,"column":5}},"24":{"start":{"line":42,"column":8},"end":{"line":42,"column":61}},"25":{"start":{"line":45,"column":18},"end":{"line":47,"column":6}},"26":{"start":{"line":48,"column":4},"end":{"line":48,"column":88}},"27":{"start":{"line":48,"column":16},"end":{"line":48,"column":88}},"28":{"start":{"line":50,"column":4},"end":{"line":50,"column":32}},"29":{"start":{"line":54,"column":0},"end":{"line":60,"column":2}},"30":{"start":{"line":55,"column":18},"end":{"line":55,"column":62}},"31":{"start":{"line":57,"column":4},"end":{"line":57,"column":84}},"32":{"start":{"line":57,"column":16},"end":{"line":57,"column":84}},"33":{"start":{"line":59,"column":4},"end":{"line":59,"column":32}},"34":{"start":{"line":62,"column":0},"end":{"line":62,"column":24}}},"fnMap":{"0":{"name":"(anonymous_0)","decl":{"start":{"line":9,"column":16},"end":{"line":9,"column":17}},"loc":{"start":{"line":9,"column":36},"end":{"line":14,"column":1}},"line":9},"1":{"name":"(anonymous_1)","decl":{"start":{"line":17,"column":38},"end":{"line":17,"column":39}},"loc":{"start":{"line":17,"column":58},"end":{"line":23,"column":1}},"line":17},"2":{"name":"(anonymous_2)","decl":{"start":{"line":26,"column":23},"end":{"line":26,"column":24}},"loc":{"start":{"line":26,"column":43},"end":{"line":35,"column":1}},"line":26},"3":{"name":"(anonymous_3)","decl":{"start":{"line":38,"column":25},"end":{"line":38,"column":26}},"loc":{"start":{"line":38,"column":45},"end":{"line":51,"column":1}},"line":38},"4":{"name":"(anonymous_4)","decl":{"start":{"line":54,"column":35},"end":{"line":54,"column":36}},"loc":{"start":{"line":54,"column":55},"end":{"line":60,"column":1}},"line":54}},"branchMap":{"0":{"loc":{"start":{"line":20,"column":4},"end":{"line":20,"column":89}},"type":"if","locations":[{"start":{"line":20,"column":4},"end":{"line":20,"column":89}},{"start":{},"end":{}}],"line":20},"1":{"loc":{"start":{"line":29,"column":4},"end":{"line":29,"column":68}},"type":"if","locations":[{"start":{"line":29,"column":4},"end":{"line":29,"column":68}},{"start":{},"end":{}}],"line":29},"2":{"loc":{"start":{"line":41,"column":4},"end":{"line":43,"column":5}},"type":"if","locations":[{"start":{"line":41,"column":4},"end":{"line":43,"column":5}},{"start":{},"end":{}}],"line":41},"3":{"loc":{"start":{"line":48,"column":4},"end":{"line":48,"column":88}},"type":"if","locations":[{"start":{"line":48,"column":4},"end":{"line":48,"column":88}},{"start":{},"end":{}}],"line":48},"4":{"loc":{"start":{"line":57,"column":4},"end":{"line":57,"column":84}},"type":"if","locations":[{"start":{"line":57,"column":4},"end":{"line":57,"column":84}},{"start":{},"end":{}}],"line":57}},"s":{"0":2,"1":2,"2":2,"3":2,"4":2,"5":2,"6":2,"7":1,"8":1,"9":2,"10":1,"11":1,"12":0,"13":1,"14":2,"15":5,"16":5,"17":2,"18":3,"19":3,"20":3,"21":2,"22":0,"23":0,"24":0,"25":0,"26":0,"27":0,"28":0,"29":2,"30":0,"31":0,"32":0,"33":0,"34":2},"f":{"0":1,"1":1,"2":5,"3":0,"4":0},"b":{"0":[0,1],"1":[2,3],"2":[0,0],"3":[0,0],"4":[0,0]},"_coverageSchema":"1a1c01bbd47fc00a2c39e90264f33305004495a9","hash":"96051bf6966ecf55f3e26ec64dace090e0faed09"}
,"D:\\Vidly\\server\\Routes\\movie.js": {"path":"D:\\Vidly\\server\\Routes\\movie.js","statementMap":{"0":{"start":{"line":1,"column":16},"end":{"line":1,"column":34}},"1":{"start":{"line":2,"column":15},"end":{"line":2,"column":31}},"2":{"start":{"line":3,"column":33},"end":{"line":3,"column":59}},"3":{"start":{"line":4,"column":18},"end":{"line":4,"column":44}},"4":{"start":{"line":5,"column":17},"end":{"line":5,"column":46}},"5":{"start":{"line":7,"column":0},"end":{"line":10,"column":2}},"6":{"start":{"line":8,"column":18},"end":{"line":8,"column":49}},"7":{"start":{"line":9,"column":4},"end":{"line":9,"column":32}},"8":{"start":{"line":13,"column":0},"end":{"line":18,"column":2}},"9":{"start":{"line":14,"column":18},"end":{"line":14,"column":53}},"10":{"start":{"line":15,"column":4},"end":{"line":15,"column":84}},"11":{"start":{"line":15,"column":16},"end":{"line":15,"column":84}},"12":{"start":{"line":17,"column":4},"end":{"line":17,"column":32}},"13":{"start":{"line":21,"column":0},"end":{"line":42,"column":2}},"14":{"start":{"line":22,"column":22},"end":{"line":22,"column":45}},"15":{"start":{"line":23,"column":4},"end":{"line":23,"column":68}},"16":{"start":{"line":23,"column":15},"end":{"line":23,"column":68}},"17":{"start":{"line":25,"column":18},"end":{"line":25,"column":56}},"18":{"start":{"line":26,"column":4},"end":{"line":26,"column":75}},"19":{"start":{"line":26,"column":16},"end":{"line":26,"column":75}},"20":{"start":{"line":28,"column":16},"end":{"line":36,"column":6}},"21":{"start":{"line":38,"column":4},"end":{"line":38,"column":31}},"22":{"start":{"line":39,"column":4},"end":{"line":39,"column":32}},"23":{"start":{"line":45,"column":0},"end":{"line":66,"column":2}},"24":{"start":{"line":46,"column":22},"end":{"line":46,"column":45}},"25":{"start":{"line":47,"column":4},"end":{"line":47,"column":68}},"26":{"start":{"line":47,"column":15},"end":{"line":47,"column":68}},"27":{"start":{"line":49,"column":18},"end":{"line":49,"column":56}},"28":{"start":{"line":50,"column":4},"end":{"line":50,"column":83}},"29":{"start":{"line":50,"column":16},"end":{"line":50,"column":83}},"30":{"start":{"line":52,"column":18},"end":{"line":62,"column":6}},"31":{"start":{"line":64,"column":4},"end":{"line":64,"column":32}},"32":{"start":{"line":69,"column":0},"end":{"line":74,"column":2}},"33":{"start":{"line":70,"column":18},"end":{"line":70,"column":62}},"34":{"start":{"line":71,"column":4},"end":{"line":71,"column":86}},"35":{"start":{"line":71,"column":16},"end":{"line":71,"column":86}},"36":{"start":{"line":73,"column":4},"end":{"line":73,"column":66}},"37":{"start":{"line":76,"column":0},"end":{"line":76,"column":23}}},"fnMap":{"0":{"name":"(anonymous_0)","decl":{"start":{"line":7,"column":16},"end":{"line":7,"column":17}},"loc":{"start":{"line":7,"column":36},"end":{"line":10,"column":1}},"line":7},"1":{"name":"(anonymous_1)","decl":{"start":{"line":13,"column":19},"end":{"line":13,"column":20}},"loc":{"start":{"line":13,"column":39},"end":{"line":18,"column":1}},"line":13},"2":{"name":"(anonymous_2)","decl":{"start":{"line":21,"column":22},"end":{"line":21,"column":23}},"loc":{"start":{"line":21,"column":42},"end":{"line":42,"column":1}},"line":21},"3":{"name":"(anonymous_3)","decl":{"start":{"line":45,"column":24},"end":{"line":45,"column":25}},"loc":{"start":{"line":45,"column":44},"end":{"line":66,"column":1}},"line":45},"4":{"name":"(anonymous_4)","decl":{"start":{"line":69,"column":27},"end":{"line":69,"column":28}},"loc":{"start":{"line":69,"column":47},"end":{"line":74,"column":1}},"line":69}},"branchMap":{"0":{"loc":{"start":{"line":15,"column":4},"end":{"line":15,"column":84}},"type":"if","locations":[{"start":{"line":15,"column":4},"end":{"line":15,"column":84}},{"start":{},"end":{}}],"line":15},"1":{"loc":{"start":{"line":23,"column":4},"end":{"line":23,"column":68}},"type":"if","locations":[{"start":{"line":23,"column":4},"end":{"line":23,"column":68}},{"start":{},"end":{}}],"line":23},"2":{"loc":{"start":{"line":26,"column":4},"end":{"line":26,"column":75}},"type":"if","locations":[{"start":{"line":26,"column":4},"end":{"line":26,"column":75}},{"start":{},"end":{}}],"line":26},"3":{"loc":{"start":{"line":47,"column":4},"end":{"line":47,"column":68}},"type":"if","locations":[{"start":{"line":47,"column":4},"end":{"line":47,"column":68}},{"start":{},"end":{}}],"line":47},"4":{"loc":{"start":{"line":50,"column":4},"end":{"line":50,"column":83}},"type":"if","locations":[{"start":{"line":50,"column":4},"end":{"line":50,"column":83}},{"start":{},"end":{}}],"line":50},"5":{"loc":{"start":{"line":71,"column":4},"end":{"line":71,"column":86}},"type":"if","locations":[{"start":{"line":71,"column":4},"end":{"line":71,"column":86}},{"start":{},"end":{}}],"line":71}},"s":{"0":2,"1":2,"2":2,"3":2,"4":2,"5":2,"6":0,"7":0,"8":2,"9":0,"10":0,"11":0,"12":0,"13":2,"14":0,"15":0,"16":0,"17":0,"18":0,"19":0,"20":0,"21":0,"22":0,"23":2,"24":0,"25":0,"26":0,"27":0,"28":0,"29":0,"30":0,"31":0,"32":2,"33":0,"34":0,"35":0,"36":0,"37":2},"f":{"0":0,"1":0,"2":0,"3":0,"4":0},"b":{"0":[0,0],"1":[0,0],"2":[0,0],"3":[0,0],"4":[0,0],"5":[0,0]},"_coverageSchema":"1a1c01bbd47fc00a2c39e90264f33305004495a9","hash":"095307b0c8515cf7863c9dffa8eef0a05843ba66"}
,"D:\\Vidly\\server\\Routes\\rental.js": {"path":"D:\\Vidly\\server\\Routes\\rental.js","statementMap":{"0":{"start":{"line":1,"column":16},"end":{"line":1,"column":34}},"1":{"start":{"line":2,"column":15},"end":{"line":2,"column":31}},"2":{"start":{"line":3,"column":17},"end":{"line":3,"column":36}},"3":{"start":{"line":4,"column":35},"end":{"line":4,"column":62}},"4":{"start":{"line":5,"column":18},"end":{"line":5,"column":44}},"5":{"start":{"line":6,"column":21},"end":{"line":6,"column":50}},"6":{"start":{"line":7,"column":17},"end":{"line":7,"column":46}},"7":{"start":{"line":9,"column":0},"end":{"line":12,"column":2}},"8":{"start":{"line":10,"column":20},"end":{"line":10,"column":56}},"9":{"start":{"line":11,"column":4},"end":{"line":11,"column":34}},"10":{"start":{"line":14,"column":0},"end":{"line":45,"column":2}},"11":{"start":{"line":15,"column":22},"end":{"line":15,"column":46}},"12":{"start":{"line":16,"column":4},"end":{"line":16,"column":68}},"13":{"start":{"line":16,"column":15},"end":{"line":16,"column":68}},"14":{"start":{"line":18,"column":21},"end":{"line":18,"column":65}},"15":{"start":{"line":19,"column":4},"end":{"line":19,"column":91}},"16":{"start":{"line":19,"column":19},"end":{"line":19,"column":91}},"17":{"start":{"line":21,"column":18},"end":{"line":21,"column":56}},"18":{"start":{"line":22,"column":4},"end":{"line":22,"column":61}},"19":{"start":{"line":22,"column":16},"end":{"line":22,"column":61}},"20":{"start":{"line":24,"column":4},"end":{"line":24,"column":89}},"21":{"start":{"line":24,"column":35},"end":{"line":24,"column":89}},"22":{"start":{"line":26,"column":17},"end":{"line":37,"column":6}},"23":{"start":{"line":39,"column":4},"end":{"line":39,"column":33}},"24":{"start":{"line":40,"column":4},"end":{"line":40,"column":26}},"25":{"start":{"line":41,"column":4},"end":{"line":41,"column":17}},"26":{"start":{"line":43,"column":4},"end":{"line":43,"column":21}},"27":{"start":{"line":47,"column":0},"end":{"line":52,"column":2}},"28":{"start":{"line":48,"column":19},"end":{"line":48,"column":64}},"29":{"start":{"line":49,"column":4},"end":{"line":49,"column":88}},"30":{"start":{"line":49,"column":17},"end":{"line":49,"column":88}},"31":{"start":{"line":51,"column":4},"end":{"line":51,"column":32}},"32":{"start":{"line":54,"column":0},"end":{"line":54,"column":24}}},"fnMap":{"0":{"name":"(anonymous_0)","decl":{"start":{"line":9,"column":16},"end":{"line":9,"column":17}},"loc":{"start":{"line":9,"column":36},"end":{"line":12,"column":1}},"line":9},"1":{"name":"(anonymous_1)","decl":{"start":{"line":14,"column":23},"end":{"line":14,"column":24}},"loc":{"start":{"line":14,"column":43},"end":{"line":45,"column":1}},"line":14},"2":{"name":"(anonymous_2)","decl":{"start":{"line":47,"column":28},"end":{"line":47,"column":29}},"loc":{"start":{"line":47,"column":48},"end":{"line":52,"column":1}},"line":47}},"branchMap":{"0":{"loc":{"start":{"line":16,"column":4},"end":{"line":16,"column":68}},"type":"if","locations":[{"start":{"line":16,"column":4},"end":{"line":16,"column":68}},{"start":{},"end":{}}],"line":16},"1":{"loc":{"start":{"line":19,"column":4},"end":{"line":19,"column":91}},"type":"if","locations":[{"start":{"line":19,"column":4},"end":{"line":19,"column":91}},{"start":{},"end":{}}],"line":19},"2":{"loc":{"start":{"line":22,"column":4},"end":{"line":22,"column":61}},"type":"if","locations":[{"start":{"line":22,"column":4},"end":{"line":22,"column":61}},{"start":{},"end":{}}],"line":22},"3":{"loc":{"start":{"line":24,"column":4},"end":{"line":24,"column":89}},"type":"if","locations":[{"start":{"line":24,"column":4},"end":{"line":24,"column":89}},{"start":{},"end":{}}],"line":24},"4":{"loc":{"start":{"line":49,"column":4},"end":{"line":49,"column":88}},"type":"if","locations":[{"start":{"line":49,"column":4},"end":{"line":49,"column":88}},{"start":{},"end":{}}],"line":49}},"s":{"0":2,"1":2,"2":2,"3":2,"4":2,"5":2,"6":2,"7":2,"8":0,"9":0,"10":2,"11":0,"12":0,"13":0,"14":0,"15":0,"16":0,"17":0,"18":0,"19":0,"20":0,"21":0,"22":0,"23":0,"24":0,"25":0,"26":0,"27":2,"28":0,"29":0,"30":0,"31":0,"32":2},"f":{"0":0,"1":0,"2":0},"b":{"0":[0,0],"1":[0,0],"2":[0,0],"3":[0,0],"4":[0,0]},"_coverageSchema":"1a1c01bbd47fc00a2c39e90264f33305004495a9","hash":"974622089bea8967e1e1a43b44cc092bbeb14b46"}
,"D:\\Vidly\\server\\Routes\\user.js": {"path":"D:\\Vidly\\server\\Routes\\user.js","statementMap":{"0":{"start":{"line":1,"column":16},"end":{"line":1,"column":34}},"1":{"start":{"line":2,"column":15},"end":{"line":2,"column":31}},"2":{"start":{"line":3,"column":10},"end":{"line":3,"column":27}},"3":{"start":{"line":4,"column":15},"end":{"line":4,"column":32}},"4":{"start":{"line":5,"column":31},"end":{"line":5,"column":56}},"5":{"start":{"line":6,"column":17},"end":{"line":6,"column":46}},"6":{"start":{"line":8,"column":0},"end":{"line":11,"column":2}},"7":{"start":{"line":9,"column":17},"end":{"line":9,"column":74}},"8":{"start":{"line":10,"column":4},"end":{"line":10,"column":31}},"9":{"start":{"line":13,"column":0},"end":{"line":30,"column":2}},"10":{"start":{"line":14,"column":22},"end":{"line":14,"column":44}},"11":{"start":{"line":15,"column":4},"end":{"line":15,"column":69}},"12":{"start":{"line":15,"column":15},"end":{"line":15,"column":69}},"13":{"start":{"line":17,"column":15},"end":{"line":17,"column":60}},"14":{"start":{"line":18,"column":4},"end":{"line":18,"column":68}},"15":{"start":{"line":18,"column":14},"end":{"line":18,"column":68}},"16":{"start":{"line":20,"column":4},"end":{"line":20,"column":72}},"17":{"start":{"line":22,"column":17},"end":{"line":22,"column":41}},"18":{"start":{"line":23,"column":4},"end":{"line":23,"column":59}},"19":{"start":{"line":24,"column":4},"end":{"line":24,"column":21}},"20":{"start":{"line":26,"column":18},"end":{"line":26,"column":42}},"21":{"start":{"line":28,"column":4},"end":{"line":28,"column":99}},"22":{"start":{"line":32,"column":0},"end":{"line":32,"column":24}}},"fnMap":{"0":{"name":"(anonymous_0)","decl":{"start":{"line":8,"column":24},"end":{"line":8,"column":25}},"loc":{"start":{"line":8,"column":44},"end":{"line":11,"column":1}},"line":8},"1":{"name":"(anonymous_1)","decl":{"start":{"line":13,"column":17},"end":{"line":13,"column":18}},"loc":{"start":{"line":13,"column":37},"end":{"line":30,"column":1}},"line":13}},"branchMap":{"0":{"loc":{"start":{"line":15,"column":4},"end":{"line":15,"column":69}},"type":"if","locations":[{"start":{"line":15,"column":4},"end":{"line":15,"column":69}},{"start":{},"end":{}}],"line":15},"1":{"loc":{"start":{"line":18,"column":4},"end":{"line":18,"column":68}},"type":"if","locations":[{"start":{"line":18,"column":4},"end":{"line":18,"column":68}},{"start":{},"end":{}}],"line":18}},"s":{"0":2,"1":2,"2":2,"3":2,"4":2,"5":2,"6":2,"7":0,"8":0,"9":2,"10":0,"11":0,"12":0,"13":0,"14":0,"15":0,"16":0,"17":0,"18":0,"19":0,"20":0,"21":0,"22":2},"f":{"0":0,"1":0},"b":{"0":[0,0],"1":[0,0]},"_coverageSchema":"1a1c01bbd47fc00a2c39e90264f33305004495a9","hash":"c9b19462c16712cdc75e8e415720f99503a7dc3f"}
,"D:\\Vidly\\server\\startup\\db.js": {"path":"D:\\Vidly\\server\\startup\\db.js","statementMap":{"0":{"start":{"line":1,"column":0},"end":{"line":1,"column":27}},"1":{"start":{"line":2,"column":16},"end":{"line":2,"column":34}},"2":{"start":{"line":3,"column":17},"end":{"line":3,"column":36}},"3":{"start":{"line":5,"column":15},"end":{"line":15,"column":2}},"4":{"start":{"line":17,"column":0},"end":{"line":26,"column":2}},"5":{"start":{"line":18,"column":2},"end":{"line":25,"column":3}},"6":{"start":{"line":19,"column":18},"end":{"line":19,"column":103}},"7":{"start":{"line":20,"column":4},"end":{"line":20,"column":34}},"8":{"start":{"line":21,"column":4},"end":{"line":21,"column":52}},"9":{"start":{"line":23,"column":4},"end":{"line":23,"column":63}}},"fnMap":{"0":{"name":"(anonymous_0)","decl":{"start":{"line":17,"column":17},"end":{"line":17,"column":18}},"loc":{"start":{"line":17,"column":35},"end":{"line":26,"column":1}},"line":17}},"branchMap":{"0":{"loc":{"start":{"line":19,"column":18},"end":{"line":19,"column":103}},"type":"cond-expr","locations":[{"start":{"line":19,"column":49},"end":{"line":19,"column":77}},{"start":{"line":19,"column":80},"end":{"line":19,"column":103}}],"line":19}},"s":{"0":2,"1":2,"2":2,"3":2,"4":2,"5":2,"6":2,"7":2,"8":2,"9":0},"f":{"0":2},"b":{"0":[2,0]},"_coverageSchema":"1a1c01bbd47fc00a2c39e90264f33305004495a9","hash":"d30e8ac7db05d392702a3a1e252f24eaf41bd91b"}
,"D:\\Vidly\\server\\startup\\logging.js": {"path":"D:\\Vidly\\server\\startup\\logging.js","statementMap":{"0":{"start":{"line":1,"column":16},"end":{"line":1,"column":34}},"1":{"start":{"line":2,"column":0},"end":{"line":2,"column":26}},"2":{"start":{"line":3,"column":0},"end":{"line":3,"column":32}},"3":{"start":{"line":4,"column":0},"end":{"line":4,"column":27}},"4":{"start":{"line":6,"column":0},"end":{"line":22,"column":2}},"5":{"start":{"line":8,"column":2},"end":{"line":11,"column":4}},"6":{"start":{"line":13,"column":2},"end":{"line":15,"column":5}},"7":{"start":{"line":14,"column":4},"end":{"line":14,"column":62}},"8":{"start":{"line":17,"column":2},"end":{"line":17,"column":72}},"9":{"start":{"line":18,"column":2},"end":{"line":21,"column":6}}},"fnMap":{"0":{"name":"(anonymous_0)","decl":{"start":{"line":6,"column":17},"end":{"line":6,"column":18}},"loc":{"start":{"line":6,"column":29},"end":{"line":22,"column":1}},"line":6},"1":{"name":"(anonymous_1)","decl":{"start":{"line":13,"column":35},"end":{"line":13,"column":36}},"loc":{"start":{"line":13,"column":43},"end":{"line":15,"column":3}},"line":13}},"branchMap":{},"s":{"0":2,"1":2,"2":2,"3":2,"4":2,"5":2,"6":2,"7":0,"8":2,"9":2},"f":{"0":2,"1":0},"b":{},"_coverageSchema":"1a1c01bbd47fc00a2c39e90264f33305004495a9","hash":"5e476da4acc5c76acce2fd4d7b4d52f9253b2600"}
,"D:\\Vidly\\server\\startup\\routes.js": {"path":"D:\\Vidly\\server\\startup\\routes.js","statementMap":{"0":{"start":{"line":1,"column":16},"end":{"line":1,"column":34}},"1":{"start":{"line":2,"column":15},"end":{"line":2,"column":41}},"2":{"start":{"line":3,"column":18},"end":{"line":3,"column":47}},"3":{"start":{"line":4,"column":15},"end":{"line":4,"column":41}},"4":{"start":{"line":5,"column":16},"end":{"line":5,"column":43}},"5":{"start":{"line":6,"column":14},"end":{"line":6,"column":39}},"6":{"start":{"line":7,"column":13},"end":{"line":7,"column":38}},"7":{"start":{"line":8,"column":18},"end":{"line":8,"column":48}},"8":{"start":{"line":9,"column":0},"end":{"line":21,"column":1}},"9":{"start":{"line":11,"column":4},"end":{"line":11,"column":28}},"10":{"start":{"line":13,"column":4},"end":{"line":13,"column":34}},"11":{"start":{"line":14,"column":4},"end":{"line":14,"column":40}},"12":{"start":{"line":15,"column":4},"end":{"line":15,"column":34}},"13":{"start":{"line":16,"column":4},"end":{"line":16,"column":36}},"14":{"start":{"line":17,"column":4},"end":{"line":17,"column":32}},"15":{"start":{"line":18,"column":4},"end":{"line":18,"column":30}},"16":{"start":{"line":19,"column":4},"end":{"line":19,"column":19}}},"fnMap":{"0":{"name":"(anonymous_0)","decl":{"start":{"line":9,"column":17},"end":{"line":9,"column":18}},"loc":{"start":{"line":9,"column":32},"end":{"line":21,"column":1}},"line":9}},"branchMap":{},"s":{"0":2,"1":2,"2":2,"3":2,"4":2,"5":2,"6":2,"7":2,"8":2,"9":2,"10":2,"11":2,"12":2,"13":2,"14":2,"15":2,"16":2},"f":{"0":2},"b":{},"_coverageSchema":"1a1c01bbd47fc00a2c39e90264f33305004495a9","hash":"a26797903a48bcc53212cbfae801fe139e8dc164"}
,"D:\\Vidly\\server\\startup\\validation.js": {"path":"D:\\Vidly\\server\\startup\\validation.js","statementMap":{"0":{"start":{"line":1,"column":12},"end":{"line":1,"column":26}},"1":{"start":{"line":2,"column":0},"end":{"line":4,"column":1}},"2":{"start":{"line":3,"column":4},"end":{"line":3,"column":47}}},"fnMap":{"0":{"name":"(anonymous_0)","decl":{"start":{"line":2,"column":17},"end":{"line":2,"column":18}},"loc":{"start":{"line":2,"column":28},"end":{"line":4,"column":1}},"line":2}},"branchMap":{},"s":{"0":2,"1":2,"2":0},"f":{"0":0},"b":{},"_coverageSchema":"1a1c01bbd47fc00a2c39e90264f33305004495a9","hash":"bff762319d75ab33b6ed5bbb34823fb5660dad82"}
}
