TN:
SF:index.js
FN:11,(anonymous_0)
FNF:1
FNH:1
FNDA:2,(anonymous_0)
DA:1,2
DA:2,2
DA:3,2
DA:5,2
DA:6,2
DA:7,2
DA:8,2
DA:10,2
DA:11,2
DA:12,2
DA:15,2
LF:11
LH:11
BRDA:10,0,0,2
BRDA:10,0,1,0
BRF:2
BRH:1
end_of_record
TN:
SF:Middleware\admin.js
FN:2,admin
FNF:1
FNH:0
FNDA:0,admin
DA:3,0
DA:5,0
DA:8,2
LF:3
LH:1
BRDA:3,0,0,0
BRDA:3,0,1,0
BRF:2
BRH:0
end_of_record
TN:
SF:Middleware\auth.js
FN:3,auth
FNF:1
FNH:1
FNDA:8,auth
DA:1,2
DA:4,8
DA:5,8
DA:7,6
DA:8,6
DA:9,5
DA:10,5
DA:12,1
DA:16,2
LF:9
LH:9
BRDA:5,0,0,2
BRDA:5,0,1,6
BRF:2
BRH:2
end_of_record
TN:
SF:Middleware\error.js
FN:24,error
FNF:1
FNH:0
FNDA:0,error
DA:1,2
DA:2,2
DA:3,2
DA:4,2
DA:7,2
DA:26,0
DA:34,0
DA:39,0
DA:42,2
LF:9
LH:6
BRF:0
BRH:0
end_of_record
TN:
SF:Middleware\validateObjectIds.js
FN:2,(anonymous_0)
FNF:1
FNH:1
FNDA:2,(anonymous_0)
DA:1,2
DA:2,2
DA:3,2
DA:4,1
LF:4
LH:4
BRDA:3,0,0,1
BRDA:3,0,1,1
BRF:2
BRH:2
end_of_record
TN:
SF:Models\customer.js
FN:26,validateCustomer
FNF:1
FNH:0
FNDA:0,validateCustomer
DA:1,2
DA:2,2
DA:4,2
DA:23,2
DA:27,0
DA:32,0
DA:35,2
LF:7
LH:5
BRF:0
BRH:0
end_of_record
TN:
SF:Models\genre.js
FN:16,validateGenre
FNF:1
FNH:1
FNDA:5,validateGenre
DA:1,2
DA:2,2
DA:4,2
DA:12,2
DA:17,5
DA:20,5
DA:23,2
LF:7
LH:7
BRF:0
BRH:0
end_of_record
TN:
SF:Models\movie.js
FN:32,validateMovie
FNF:1
FNH:0
FNDA:0,validateMovie
DA:1,2
DA:2,2
DA:3,2
DA:5,2
DA:33,0
DA:40,0
DA:43,2
LF:7
LH:5
BRF:0
BRH:0
end_of_record
TN:
SF:Models\rental.js
FN:60,validateRental
FNF:1
FNH:0
FNDA:0,validateRental
DA:1,2
DA:2,2
DA:4,2
DA:58,2
DA:61,0
DA:65,0
DA:69,2
LF:7
LH:5
BRF:0
BRH:0
end_of_record
TN:
SF:Models\user.js
FN:30,(anonymous_0)
FN:37,validateUser
FNF:2
FNH:1
FNDA:9,(anonymous_0)
FNDA:0,validateUser
DA:1,3
DA:2,3
DA:3,3
DA:4,3
DA:30,3
DA:31,9
DA:32,9
DA:35,3
DA:38,0
DA:43,0
DA:46,3
LF:11
LH:9
BRF:0
BRH:0
end_of_record
TN:
SF:Routes\auth.js
FN:8,(anonymous_0)
FN:26,validateUser
FNF:2
FNH:0
FNDA:0,(anonymous_0)
FNDA:0,validateUser
DA:1,2
DA:2,2
DA:3,2
DA:4,2
DA:5,2
DA:6,2
DA:8,2
DA:9,0
DA:10,0
DA:12,0
DA:13,0
DA:15,0
DA:16,0
DA:18,0
DA:20,0
DA:27,0
DA:31,0
DA:33,2
LF:18
LH:8
BRDA:10,0,0,0
BRDA:10,0,1,0
BRDA:13,1,0,0
BRDA:13,1,1,0
BRDA:16,2,0,0
BRDA:16,2,1,0
BRF:6
BRH:0
end_of_record
TN:
SF:Routes\customer.js
FN:6,(anonymous_0)
FN:13,(anonymous_1)
FN:22,(anonymous_2)
FN:37,(anonymous_3)
FN:48,(anonymous_4)
FNF:5
FNH:0
FNDA:0,(anonymous_0)
FNDA:0,(anonymous_1)
FNDA:0,(anonymous_2)
FNDA:0,(anonymous_3)
FNDA:0,(anonymous_4)
DA:1,2
DA:2,2
DA:3,2
DA:4,2
DA:6,2
DA:8,0
DA:9,0
DA:13,2
DA:14,0
DA:16,0
DA:18,0
DA:22,2
DA:23,0
DA:24,0
DA:26,0
DA:31,0
DA:32,0
DA:37,2
DA:38,0
DA:39,0
DA:41,0
DA:42,0
DA:44,0
DA:48,2
DA:50,0
DA:51,0
DA:53,0
DA:56,2
LF:28
LH:10
BRDA:16,0,0,0
BRDA:16,0,1,0
BRDA:24,1,0,0
BRDA:24,1,1,0
BRDA:39,2,0,0
BRDA:39,2,1,0
BRDA:42,3,0,0
BRDA:42,3,1,0
BRDA:51,4,0,0
BRDA:51,4,1,0
BRF:10
BRH:0
end_of_record
TN:
SF:Routes\genre.js
FN:9,(anonymous_0)
FN:17,(anonymous_1)
FN:26,(anonymous_2)
FN:38,(anonymous_3)
FN:54,(anonymous_4)
FNF:5
FNH:3
FNDA:1,(anonymous_0)
FNDA:1,(anonymous_1)
FNDA:5,(anonymous_2)
FNDA:0,(anonymous_3)
FNDA:0,(anonymous_4)
DA:1,2
DA:2,2
DA:3,2
DA:4,2
DA:5,2
DA:6,2
DA:9,2
DA:12,1
DA:13,1
DA:17,2
DA:18,1
DA:20,1
DA:22,1
DA:26,2
DA:28,5
DA:29,5
DA:31,3
DA:32,3
DA:34,3
DA:38,2
DA:40,0
DA:41,0
DA:42,0
DA:45,0
DA:48,0
DA:50,0
DA:54,2
DA:55,0
DA:57,0
DA:59,0
DA:62,2
LF:31
LH:22
BRDA:20,0,0,0
BRDA:20,0,1,1
BRDA:29,1,0,2
BRDA:29,1,1,3
BRDA:41,2,0,0
BRDA:41,2,1,0
BRDA:48,3,0,0
BRDA:48,3,1,0
BRDA:57,4,0,0
BRDA:57,4,1,0
BRF:10
BRH:3
end_of_record
TN:
SF:Routes\movie.js
FN:7,(anonymous_0)
FN:13,(anonymous_1)
FN:21,(anonymous_2)
FN:45,(anonymous_3)
FN:69,(anonymous_4)
FNF:5
FNH:0
FNDA:0,(anonymous_0)
FNDA:0,(anonymous_1)
FNDA:0,(anonymous_2)
FNDA:0,(anonymous_3)
FNDA:0,(anonymous_4)
DA:1,2
DA:2,2
DA:3,2
DA:4,2
DA:5,2
DA:7,2
DA:8,0
DA:9,0
DA:13,2
DA:14,0
DA:15,0
DA:17,0
DA:21,2
DA:22,0
DA:23,0
DA:25,0
DA:26,0
DA:28,0
DA:38,0
DA:39,0
DA:45,2
DA:46,0
DA:47,0
DA:49,0
DA:50,0
DA:52,0
DA:64,0
DA:69,2
DA:70,0
DA:71,0
DA:73,0
DA:76,2
LF:32
LH:11
BRDA:15,0,0,0
BRDA:15,0,1,0
BRDA:23,1,0,0
BRDA:23,1,1,0
BRDA:26,2,0,0
BRDA:26,2,1,0
BRDA:47,3,0,0
BRDA:47,3,1,0
BRDA:50,4,0,0
BRDA:50,4,1,0
BRDA:71,5,0,0
BRDA:71,5,1,0
BRF:12
BRH:0
end_of_record
TN:
SF:Routes\rental.js
FN:9,(anonymous_0)
FN:14,(anonymous_1)
FN:47,(anonymous_2)
FNF:3
FNH:0
FNDA:0,(anonymous_0)
FNDA:0,(anonymous_1)
FNDA:0,(anonymous_2)
DA:1,2
DA:2,2
DA:3,2
DA:4,2
DA:5,2
DA:6,2
DA:7,2
DA:9,2
DA:10,0
DA:11,0
DA:14,2
DA:15,0
DA:16,0
DA:18,0
DA:19,0
DA:21,0
DA:22,0
DA:24,0
DA:26,0
DA:39,0
DA:40,0
DA:41,0
DA:43,0
DA:47,2
DA:48,0
DA:49,0
DA:51,0
DA:54,2
LF:28
LH:11
BRDA:16,0,0,0
BRDA:16,0,1,0
BRDA:19,1,0,0
BRDA:19,1,1,0
BRDA:22,2,0,0
BRDA:22,2,1,0
BRDA:24,3,0,0
BRDA:24,3,1,0
BRDA:49,4,0,0
BRDA:49,4,1,0
BRF:10
BRH:0
end_of_record
TN:
SF:Routes\user.js
FN:8,(anonymous_0)
FN:13,(anonymous_1)
FNF:2
FNH:0
FNDA:0,(anonymous_0)
FNDA:0,(anonymous_1)
DA:1,2
DA:2,2
DA:3,2
DA:4,2
DA:5,2
DA:6,2
DA:8,2
DA:9,0
DA:10,0
DA:13,2
DA:14,0
DA:15,0
DA:17,0
DA:18,0
DA:20,0
DA:22,0
DA:23,0
DA:24,0
DA:26,0
DA:28,0
DA:32,2
LF:21
LH:9
BRDA:15,0,0,0
BRDA:15,0,1,0
BRDA:18,1,0,0
BRDA:18,1,1,0
BRF:4
BRH:0
end_of_record
TN:
SF:startup\db.js
FN:17,(anonymous_0)
FNF:1
FNH:1
FNDA:2,(anonymous_0)
DA:1,2
DA:2,2
DA:3,2
DA:5,2
DA:17,2
DA:18,2
DA:19,2
DA:20,2
DA:21,2
DA:23,0
LF:10
LH:9
BRDA:19,0,0,2
BRDA:19,0,1,0
BRF:2
BRH:1
end_of_record
TN:
SF:startup\logging.js
FN:6,(anonymous_0)
FN:13,(anonymous_1)
FNF:2
FNH:1
FNDA:2,(anonymous_0)
FNDA:0,(anonymous_1)
DA:1,2
DA:2,2
DA:3,2
DA:4,2
DA:6,2
DA:8,2
DA:13,2
DA:14,0
DA:17,2
DA:18,2
LF:10
LH:9
BRF:0
BRH:0
end_of_record
TN:
SF:startup\routes.js
FN:9,(anonymous_0)
FNF:1
FNH:1
FNDA:2,(anonymous_0)
DA:1,2
DA:2,2
DA:3,2
DA:4,2
DA:5,2
DA:6,2
DA:7,2
DA:8,2
DA:9,2
DA:11,2
DA:13,2
DA:14,2
DA:15,2
DA:16,2
DA:17,2
DA:18,2
DA:19,2
LF:17
LH:17
BRF:0
BRH:0
end_of_record
TN:
SF:startup\validation.js
FN:2,(anonymous_0)
FNF:1
FNH:0
FNDA:0,(anonymous_0)
DA:1,2
DA:2,2
DA:3,0
LF:3
LH:2
BRF:0
BRH:0
end_of_record
